<?xml version="1.0" encoding="UTF-8"?>
<testng-results skipped="0" failed="1" ignored="0" total="6" passed="5">
  <reporter-output>
  </reporter-output>
  <suite name="Default suite" duration-ms="889" started-at="2019-04-30T03:01:31Z" finished-at="2019-04-30T03:01:32Z">
    <groups>
    </groups>
    <test name="Default test" duration-ms="889" started-at="2019-04-30T03:01:31Z" finished-at="2019-04-30T03:01:32Z">
      <class name="dataConfigs.DataConfigs">
        <test-method status="PASS" signature="PropertyFileDataConfiguration()[pri:1, instance:dataConfigs.DataConfigs@55f3ddb1]" name="PropertyFileDataConfiguration" duration-ms="17" started-at="2019-04-30T03:01:31Z" finished-at="2019-04-30T03:01:31Z">
          <reporter-output>
          </reporter-output>
        </test-method> <!-- PropertyFileDataConfiguration -->
        <test-method status="PASS" signature="TextFileReader()[pri:2, instance:dataConfigs.DataConfigs@55f3ddb1]" name="TextFileReader" duration-ms="3" started-at="2019-04-30T03:01:31Z" finished-at="2019-04-30T03:01:31Z">
          <reporter-output>
          </reporter-output>
        </test-method> <!-- TextFileReader -->
        <test-method status="PASS" signature="textFileAppend()[pri:3, instance:dataConfigs.DataConfigs@55f3ddb1]" name="textFileAppend" duration-ms="99" started-at="2019-04-30T03:01:31Z" finished-at="2019-04-30T03:01:31Z">
          <reporter-output>
          </reporter-output>
        </test-method> <!-- textFileAppend -->
        <test-method status="PASS" signature="readWriteExcel()[pri:4, instance:dataConfigs.DataConfigs@55f3ddb1]" name="readWriteExcel" duration-ms="712" started-at="2019-04-30T03:01:31Z" finished-at="2019-04-30T03:01:32Z">
          <reporter-output>
          </reporter-output>
        </test-method> <!-- readWriteExcel -->
        <test-method status="FAIL" signature="jsonDataReader()[pri:5, instance:dataConfigs.DataConfigs@55f3ddb1]" name="jsonDataReader" duration-ms="11" started-at="2019-04-30T03:01:32Z" finished-at="2019-04-30T03:01:32Z">
          <exception class="java.lang.ClassCastException">
            <message>
              <![CDATA[org.json.simple.JSONObject cannot be cast to org.json.JSONObject]]>
            </message>
            <full-stacktrace>
              <![CDATA[java.lang.ClassCastException: org.json.simple.JSONObject cannot be cast to org.json.JSONObject
at dataProviders.JsonFileReader.JsonDataReader(JsonFileReader.java:25)
at dataConfigs.DataConfigs.jsonDataReader(DataConfigs.java:56)
at sun.reflect.NativeMethodAccessorImpl.invoke0(Native Method)
at sun.reflect.NativeMethodAccessorImpl.invoke(Unknown Source)
at sun.reflect.DelegatingMethodAccessorImpl.invoke(Unknown Source)
at java.lang.reflect.Method.invoke(Unknown Source)
at org.testng.internal.MethodInvocationHelper.invokeMethod(MethodInvocationHelper.java:124)
at org.testng.internal.Invoker.invokeMethod(Invoker.java:583)
at org.testng.internal.Invoker.invokeTestMethod(Invoker.java:719)
at org.testng.internal.Invoker.invokeTestMethods(Invoker.java:989)
at org.testng.internal.TestMethodWorker.invokeTestMethods(TestMethodWorker.java:125)
at org.testng.internal.TestMethodWorker.run(TestMethodWorker.java:109)
at org.testng.TestRunner.privateRun(TestRunner.java:648)
at org.testng.TestRunner.run(TestRunner.java:505)
at org.testng.SuiteRunner.runTest(SuiteRunner.java:455)
at org.testng.SuiteRunner.runSequentially(SuiteRunner.java:450)
at org.testng.SuiteRunner.privateRun(SuiteRunner.java:415)
at org.testng.SuiteRunner.run(SuiteRunner.java:364)
at org.testng.SuiteRunnerWorker.runSuite(SuiteRunnerWorker.java:52)
at org.testng.SuiteRunnerWorker.run(SuiteRunnerWorker.java:84)
at org.testng.TestNG.runSuitesSequentially(TestNG.java:1208)
at org.testng.TestNG.runSuitesLocally(TestNG.java:1137)
at org.testng.TestNG.runSuites(TestNG.java:1049)
at org.testng.TestNG.run(TestNG.java:1017)
at org.testng.remote.AbstractRemoteTestNG.run(AbstractRemoteTestNG.java:114)
at org.testng.remote.RemoteTestNG.initAndRun(RemoteTestNG.java:251)
at org.testng.remote.RemoteTestNG.main(RemoteTestNG.java:77)
]]>
            </full-stacktrace>
          </exception> <!-- java.lang.ClassCastException -->
          <reporter-output>
          </reporter-output>
        </test-method> <!-- jsonDataReader -->
        <test-method status="PASS" signature="csvDataReader()[pri:6, instance:dataConfigs.DataConfigs@55f3ddb1]" name="csvDataReader" duration-ms="13" started-at="2019-04-30T03:01:32Z" finished-at="2019-04-30T03:01:32Z">
          <reporter-output>
          </reporter-output>
        </test-method> <!-- csvDataReader -->
      </class> <!-- dataConfigs.DataConfigs -->
    </test> <!-- Default test -->
  </suite> <!-- Default suite -->
</testng-results>
