<?xml version="1.0" encoding="UTF-8"?>
<testng-results skipped="0" failed="0" ignored="0" total="6" passed="6">
  <reporter-output>
  </reporter-output>
  <suite name="Default suite" duration-ms="1323" started-at="2019-05-18T16:44:32Z" finished-at="2019-05-18T16:44:33Z">
    <groups>
    </groups>
    <test name="Default test" duration-ms="1323" started-at="2019-05-18T16:44:32Z" finished-at="2019-05-18T16:44:33Z">
      <class name="dataConfigs.DataConfigs">
        <test-method status="PASS" signature="PropertyFileDataConfiguration()[pri:1, instance:dataConfigs.DataConfigs@55f3ddb1]" name="PropertyFileDataConfiguration" duration-ms="23" started-at="2019-05-18T16:44:32Z" finished-at="2019-05-18T16:44:32Z">
          <reporter-output>
          </reporter-output>
        </test-method> <!-- PropertyFileDataConfiguration -->
        <test-method status="PASS" signature="TextFileReader()[pri:2, instance:dataConfigs.DataConfigs@55f3ddb1]" name="TextFileReader" duration-ms="11" started-at="2019-05-18T16:44:32Z" finished-at="2019-05-18T16:44:32Z">
          <reporter-output>
          </reporter-output>
        </test-method> <!-- TextFileReader -->
        <test-method status="PASS" signature="textFileAppend()[pri:3, instance:dataConfigs.DataConfigs@55f3ddb1]" name="textFileAppend" duration-ms="109" started-at="2019-05-18T16:44:32Z" finished-at="2019-05-18T16:44:32Z">
          <reporter-output>
          </reporter-output>
        </test-method> <!-- textFileAppend -->
        <test-method status="PASS" signature="readWriteExcel()[pri:4, instance:dataConfigs.DataConfigs@55f3ddb1]" name="readWriteExcel" duration-ms="1088" started-at="2019-05-18T16:44:32Z" finished-at="2019-05-18T16:44:33Z">
          <reporter-output>
          </reporter-output>
        </test-method> <!-- readWriteExcel -->
        <test-method status="PASS" signature="jsonDataReader()[pri:5, instance:dataConfigs.DataConfigs@55f3ddb1]" name="jsonDataReader" duration-ms="14" started-at="2019-05-18T16:44:33Z" finished-at="2019-05-18T16:44:33Z">
          <reporter-output>
          </reporter-output>
        </test-method> <!-- jsonDataReader -->
        <test-method status="PASS" signature="csvDataReader()[pri:6, instance:dataConfigs.DataConfigs@55f3ddb1]" name="csvDataReader" duration-ms="19" started-at="2019-05-18T16:44:33Z" finished-at="2019-05-18T16:44:33Z">
          <reporter-output>
          </reporter-output>
        </test-method> <!-- csvDataReader -->
      </class> <!-- dataConfigs.DataConfigs -->
    </test> <!-- Default test -->
  </suite> <!-- Default suite -->
</testng-results>
