<?xml version="1.0" encoding="UTF-8"?>
<!-- Generated by org.testng.reporters.JUnitXMLReporter -->
<testsuite hostname="DESKTOP-B4OEC7O" ignored="0" name="Default test" tests="6" failures="0" timestamp="18 May 2019 16:44:33 GMT" time="1.323" errors="0">
  <testcase name="PropertyFileDataConfiguration" time="0.023" classname="dataConfigs.DataConfigs"/>
  <testcase name="TextFileReader" time="0.011" classname="dataConfigs.DataConfigs"/>
  <testcase name="textFileAppend" time="0.109" classname="dataConfigs.DataConfigs"/>
  <testcase name="readWriteExcel" time="1.088" classname="dataConfigs.DataConfigs"/>
  <testcase name="jsonDataReader" time="0.014" classname="dataConfigs.DataConfigs"/>
  <testcase name="csvDataReader" time="0.019" classname="dataConfigs.DataConfigs"/>
</testsuite> <!-- Default test -->
